mode: set
github.com/m-lab/go/cloud/bqfake/atomiccache.go:26.77,28.26 2 0
github.com/m-lab/go/cloud/bqfake/atomiccache.go:34.2,39.23 5 0
github.com/m-lab/go/cloud/bqfake/atomiccache.go:42.2,45.13 4 0
github.com/m-lab/go/cloud/bqfake/atomiccache.go:28.26,30.3 1 0
github.com/m-lab/go/cloud/bqfake/atomiccache.go:39.23,41.3 1 0
github.com/m-lab/go/cloud/bqfake/bqfake.go:31.81,32.25 1 1
github.com/m-lab/go/cloud/bqfake/bqfake.go:35.2,35.29 1 1
github.com/m-lab/go/cloud/bqfake/bqfake.go:40.2,41.26 2 1
github.com/m-lab/go/cloud/bqfake/bqfake.go:32.25,34.3 1 1
github.com/m-lab/go/cloud/bqfake/bqfake.go:35.29,39.3 3 1
github.com/m-lab/go/cloud/bqfake/bqfake.go:45.82,47.25 2 1
github.com/m-lab/go/cloud/bqfake/bqfake.go:50.2,50.29 1 1
github.com/m-lab/go/cloud/bqfake/bqfake.go:53.2,54.29 2 1
github.com/m-lab/go/cloud/bqfake/bqfake.go:57.2,58.12 2 1
github.com/m-lab/go/cloud/bqfake/bqfake.go:47.25,49.3 1 1
github.com/m-lab/go/cloud/bqfake/bqfake.go:50.29,52.3 1 1
github.com/m-lab/go/cloud/bqfake/bqfake.go:54.29,56.3 1 1
github.com/m-lab/go/cloud/bqfake/bqfake.go:69.52,71.9 2 1
github.com/m-lab/go/cloud/bqfake/bqfake.go:77.2,77.10 1 1
github.com/m-lab/go/cloud/bqfake/bqfake.go:71.9,76.3 3 1
github.com/m-lab/go/cloud/bqfake/bqfake.go:87.67,90.2 2 1
github.com/m-lab/go/cloud/bqfake/bqfake.go:92.58,95.2 2 1
github.com/m-lab/go/cloud/bqfake/bqfake.go:111.65,114.2 2 1
github.com/m-lab/go/cloud/bqfake/bqfake.go:125.46,128.2 2 1
github.com/m-lab/go/cloud/bqfake/client.go:32.44,34.2 1 1
github.com/m-lab/go/cloud/bqfake/client.go:37.57,39.2 1 1
github.com/m-lab/go/cloud/bqfake/client.go:43.83,54.39 6 1
github.com/m-lab/go/cloud/bqfake/client.go:59.2,59.18 1 1
github.com/m-lab/go/cloud/bqfake/client.go:54.39,58.3 3 1
github.com/m-lab/go/cloud/bqfake/client.go:66.36,66.50 1 1
github.com/m-lab/go/cloud/bqfake/client.go:69.56,74.2 4 1
github.com/m-lab/go/cloud/bqfake/client.go:87.99,91.16 4 1
github.com/m-lab/go/cloud/bqfake/client.go:94.2,94.50 1 1
github.com/m-lab/go/cloud/bqfake/client.go:91.16,93.3 1 1
github.com/m-lab/go/cloud/bqfake/client.go:99.57,101.2 1 1
github.com/m-lab/go/cloud/bqfake/client.go:103.56,105.2 1 1
github.com/m-lab/go/cloud/bqfake/fields.go:53.103,54.21 1 0
github.com/m-lab/go/cloud/bqfake/fields.go:59.2,59.21 1 0
github.com/m-lab/go/cloud/bqfake/fields.go:64.2,64.22 1 0
github.com/m-lab/go/cloud/bqfake/fields.go:70.2,74.3 1 0
github.com/m-lab/go/cloud/bqfake/fields.go:54.21,55.73 1 0
github.com/m-lab/go/cloud/bqfake/fields.go:55.73,57.4 1 0
github.com/m-lab/go/cloud/bqfake/fields.go:59.21,60.39 1 0
github.com/m-lab/go/cloud/bqfake/fields.go:60.39,62.4 1 0
github.com/m-lab/go/cloud/bqfake/fields.go:64.22,65.39 1 0
github.com/m-lab/go/cloud/bqfake/fields.go:65.39,67.4 1 0
github.com/m-lab/go/cloud/bqfake/fields.go:103.59,104.32 1 0
github.com/m-lab/go/cloud/bqfake/fields.go:107.2,107.30 1 0
github.com/m-lab/go/cloud/bqfake/fields.go:104.32,105.45 1 0
github.com/m-lab/go/cloud/bqfake/fields.go:117.41,119.2 1 0
github.com/m-lab/go/cloud/bqfake/fields.go:122.46,124.19 2 0
github.com/m-lab/go/cloud/bqfake/fields.go:133.2,133.10 1 0
github.com/m-lab/go/cloud/bqfake/fields.go:124.19,126.38 2 0
github.com/m-lab/go/cloud/bqfake/fields.go:129.3,129.51 1 0
github.com/m-lab/go/cloud/bqfake/fields.go:126.38,128.4 1 0
github.com/m-lab/go/cloud/bqfake/fields.go:129.51,131.4 1 0
github.com/m-lab/go/cloud/bqfake/fields.go:144.69,145.42 1 0
github.com/m-lab/go/cloud/bqfake/fields.go:152.2,152.26 1 0
github.com/m-lab/go/cloud/bqfake/fields.go:145.42,146.39 1 0
github.com/m-lab/go/cloud/bqfake/fields.go:149.3,150.34 2 0
github.com/m-lab/go/cloud/bqfake/fields.go:146.39,148.4 1 0
github.com/m-lab/go/cloud/bqfake/fields.go:155.66,157.16 2 0
github.com/m-lab/go/cloud/bqfake/fields.go:160.2,166.56 3 0
github.com/m-lab/go/cloud/bqfake/fields.go:183.2,184.17 2 0
github.com/m-lab/go/cloud/bqfake/fields.go:157.16,159.3 1 0
github.com/m-lab/go/cloud/bqfake/fields.go:166.56,171.55 3 0
github.com/m-lab/go/cloud/bqfake/fields.go:178.3,179.9 2 0
github.com/m-lab/go/cloud/bqfake/fields.go:171.55,173.23 2 0
github.com/m-lab/go/cloud/bqfake/fields.go:173.23,174.10 1 0
github.com/m-lab/go/cloud/bqfake/fields.go:179.9,181.4 1 0
github.com/m-lab/go/cloud/bqfake/fields.go:187.66,216.20 6 0
github.com/m-lab/go/cloud/bqfake/fields.go:303.2,303.20 1 0
github.com/m-lab/go/cloud/bqfake/fields.go:216.20,225.32 4 0
github.com/m-lab/go/cloud/bqfake/fields.go:225.32,227.18 2 0
github.com/m-lab/go/cloud/bqfake/fields.go:233.4,234.38 2 0
github.com/m-lab/go/cloud/bqfake/fields.go:227.18,231.13 1 0
github.com/m-lab/go/cloud/bqfake/fields.go:234.38,242.34 3 0
github.com/m-lab/go/cloud/bqfake/fields.go:247.5,248.19 2 0
github.com/m-lab/go/cloud/bqfake/fields.go:251.5,251.14 1 0
github.com/m-lab/go/cloud/bqfake/fields.go:254.5,254.28 1 0
github.com/m-lab/go/cloud/bqfake/fields.go:259.5,260.20 2 0
github.com/m-lab/go/cloud/bqfake/fields.go:270.5,270.70 1 0
github.com/m-lab/go/cloud/bqfake/fields.go:285.5,285.28 1 0
github.com/m-lab/go/cloud/bqfake/fields.go:289.5,289.25 1 0
github.com/m-lab/go/cloud/bqfake/fields.go:292.5,293.21 2 0
github.com/m-lab/go/cloud/bqfake/fields.go:296.5,299.48 4 0
github.com/m-lab/go/cloud/bqfake/fields.go:242.34,243.14 1 0
github.com/m-lab/go/cloud/bqfake/fields.go:248.19,250.6 1 0
github.com/m-lab/go/cloud/bqfake/fields.go:251.14,252.14 1 0
github.com/m-lab/go/cloud/bqfake/fields.go:254.28,256.14 2 0
github.com/m-lab/go/cloud/bqfake/fields.go:260.20,263.36 2 0
github.com/m-lab/go/cloud/bqfake/fields.go:263.36,265.7 1 0
github.com/m-lab/go/cloud/bqfake/fields.go:270.70,271.19 1 0
github.com/m-lab/go/cloud/bqfake/fields.go:274.6,275.22 2 0
github.com/m-lab/go/cloud/bqfake/fields.go:280.6,280.14 1 0
github.com/m-lab/go/cloud/bqfake/fields.go:271.19,272.15 1 0
github.com/m-lab/go/cloud/bqfake/fields.go:275.22,279.7 1 0
github.com/m-lab/go/cloud/bqfake/fields.go:285.28,287.14 2 0
github.com/m-lab/go/cloud/bqfake/fields.go:289.25,291.6 1 0
github.com/m-lab/go/cloud/bqfake/fields.go:293.21,295.6 1 0
github.com/m-lab/go/cloud/bqfake/fields.go:306.99,308.16 2 0
github.com/m-lab/go/cloud/bqfake/fields.go:311.2,321.11 5 0
github.com/m-lab/go/cloud/bqfake/fields.go:308.16,310.3 1 0
github.com/m-lab/go/cloud/bqfake/fields.go:331.27,331.44 1 0
github.com/m-lab/go/cloud/bqfake/fields.go:333.32,333.59 1 0
github.com/m-lab/go/cloud/bqfake/fields.go:335.37,336.28 1 0
github.com/m-lab/go/cloud/bqfake/fields.go:339.2,339.40 1 0
github.com/m-lab/go/cloud/bqfake/fields.go:342.2,342.42 1 0
github.com/m-lab/go/cloud/bqfake/fields.go:345.2,345.30 1 0
github.com/m-lab/go/cloud/bqfake/fields.go:336.28,338.3 1 0
github.com/m-lab/go/cloud/bqfake/fields.go:339.40,341.3 1 0
github.com/m-lab/go/cloud/bqfake/fields.go:342.42,344.3 1 0
github.com/m-lab/go/cloud/bqfake/fields.go:351.28,351.45 1 0
github.com/m-lab/go/cloud/bqfake/fields.go:353.33,353.60 1 0
github.com/m-lab/go/cloud/bqfake/fields.go:355.38,359.26 4 0
github.com/m-lab/go/cloud/bqfake/fields.go:362.2,362.26 1 0
github.com/m-lab/go/cloud/bqfake/fields.go:367.2,367.26 1 0
github.com/m-lab/go/cloud/bqfake/fields.go:359.26,361.3 1 0
github.com/m-lab/go/cloud/bqfake/fields.go:362.26,363.21 1 0
github.com/m-lab/go/cloud/bqfake/fields.go:363.21,365.4 1 0
github.com/m-lab/go/cloud/bqfake/fields.go:375.46,379.99 1 0
github.com/m-lab/go/cloud/bqfake/fields.go:382.2,382.20 1 0
github.com/m-lab/go/cloud/bqfake/fields.go:379.99,381.3 1 0
github.com/m-lab/go/cloud/bqfake/fold.go:37.48,40.22 3 0
github.com/m-lab/go/cloud/bqfake/fold.go:52.2,52.13 1 0
github.com/m-lab/go/cloud/bqfake/fold.go:55.2,55.15 1 0
github.com/m-lab/go/cloud/bqfake/fold.go:58.2,58.30 1 0
github.com/m-lab/go/cloud/bqfake/fold.go:40.22,41.25 1 0
github.com/m-lab/go/cloud/bqfake/fold.go:44.3,45.33 2 0
github.com/m-lab/go/cloud/bqfake/fold.go:41.25,43.4 1 0
github.com/m-lab/go/cloud/bqfake/fold.go:45.33,47.4 1 0
github.com/m-lab/go/cloud/bqfake/fold.go:47.9,47.42 1 0
github.com/m-lab/go/cloud/bqfake/fold.go:47.42,50.4 1 0
github.com/m-lab/go/cloud/bqfake/fold.go:52.13,54.3 1 0
github.com/m-lab/go/cloud/bqfake/fold.go:55.15,57.3 1 0
github.com/m-lab/go/cloud/bqfake/fold.go:65.39,66.23 1 0
github.com/m-lab/go/cloud/bqfake/fold.go:103.2,103.16 1 0
github.com/m-lab/go/cloud/bqfake/fold.go:106.2,106.13 1 0
github.com/m-lab/go/cloud/bqfake/fold.go:66.23,67.18 1 0
github.com/m-lab/go/cloud/bqfake/fold.go:70.3,71.25 2 0
github.com/m-lab/go/cloud/bqfake/fold.go:87.3,88.13 2 0
github.com/m-lab/go/cloud/bqfake/fold.go:100.3,100.15 1 0
github.com/m-lab/go/cloud/bqfake/fold.go:67.18,69.4 1 0
github.com/m-lab/go/cloud/bqfake/fold.go:71.25,72.16 1 0
github.com/m-lab/go/cloud/bqfake/fold.go:82.4,83.12 2 0
github.com/m-lab/go/cloud/bqfake/fold.go:72.16,74.41 2 0
github.com/m-lab/go/cloud/bqfake/fold.go:74.41,75.32 1 0
github.com/m-lab/go/cloud/bqfake/fold.go:75.32,77.7 1 0
github.com/m-lab/go/cloud/bqfake/fold.go:78.11,80.6 1 0
github.com/m-lab/go/cloud/bqfake/fold.go:89.17,90.26 1 0
github.com/m-lab/go/cloud/bqfake/fold.go:93.17,94.20 1 0
github.com/m-lab/go/cloud/bqfake/fold.go:97.11,98.16 1 0
github.com/m-lab/go/cloud/bqfake/fold.go:90.26,92.5 1 0
github.com/m-lab/go/cloud/bqfake/fold.go:94.20,96.5 1 0
github.com/m-lab/go/cloud/bqfake/fold.go:103.16,105.3 1 0
github.com/m-lab/go/cloud/bqfake/fold.go:113.39,114.22 1 0
github.com/m-lab/go/cloud/bqfake/fold.go:117.2,117.23 1 0
github.com/m-lab/go/cloud/bqfake/fold.go:130.2,130.13 1 0
github.com/m-lab/go/cloud/bqfake/fold.go:114.22,116.3 1 0
github.com/m-lab/go/cloud/bqfake/fold.go:117.23,119.15 2 0
github.com/m-lab/go/cloud/bqfake/fold.go:122.3,122.59 1 0
github.com/m-lab/go/cloud/bqfake/fold.go:119.15,120.12 1 0
github.com/m-lab/go/cloud/bqfake/fold.go:122.59,123.34 1 0
github.com/m-lab/go/cloud/bqfake/fold.go:123.34,125.5 1 0
github.com/m-lab/go/cloud/bqfake/fold.go:126.9,128.4 1 0
github.com/m-lab/go/cloud/bqfake/fold.go:137.46,138.22 1 0
github.com/m-lab/go/cloud/bqfake/fold.go:141.2,141.22 1 0
github.com/m-lab/go/cloud/bqfake/fold.go:146.2,146.13 1 0
github.com/m-lab/go/cloud/bqfake/fold.go:138.22,140.3 1 0
github.com/m-lab/go/cloud/bqfake/fold.go:141.22,142.34 1 0
github.com/m-lab/go/cloud/bqfake/fold.go:142.34,144.4 1 0
